1737036813.509503 client started (37945): version 3.5a, socket /tmp/tmux-1000/default, protocol 8
1737036813.509568 on Linux 6.12.9-arch1-1 #1 SMP PREEMPT_DYNAMIC Fri, 10 Jan 2025 00:39:41 +0000
1737036813.509576 using libevent 2.1.12-stable poll
1737036813.509580 using ncurses 6.5 20240427
1737036813.509611 flags are 0x10010000
1737036813.509634 socket is /tmp/tmux-1000/default
1737036813.509657 trying connect
1737036813.509806 add peer 0x5bb6b656fd30: 6 ((nil))
1737036813.510614 sending message 111 to peer 0x5bb6b656fd30 (8 bytes)
1737036813.510676 sending message 111 to peer 0x5bb6b656fd30 (8 bytes)
1737036813.510682 sending message 101 to peer 0x5bb6b656fd30 (14 bytes)
1737036813.510686 sending message 109 to peer 0x5bb6b656fd30 (4 bytes)
1737036813.510690 sending message 102 to peer 0x5bb6b656fd30 (11 bytes)
1737036813.510693 sending message 108 to peer 0x5bb6b656fd30 (26 bytes)
1737036813.510697 sending message 112 to peer 0x5bb6b656fd30 (70 bytes)
1737036813.510701 sending message 112 to peer 0x5bb6b656fd30 (5 bytes)
1737036813.510705 sending message 112 to peer 0x5bb6b656fd30 (5 bytes)
1737036813.510708 sending message 112 to peer 0x5bb6b656fd30 (6 bytes)
1737036813.510711 sending message 112 to peer 0x5bb6b656fd30 (6 bytes)
1737036813.510715 sending message 112 to peer 0x5bb6b656fd30 (11 bytes)
1737036813.510718 sending message 112 to peer 0x5bb6b656fd30 (10 bytes)
1737036813.510722 sending message 112 to peer 0x5bb6b656fd30 (13 bytes)
1737036813.510725 sending message 112 to peer 0x5bb6b656fd30 (13 bytes)
1737036813.510728 sending message 112 to peer 0x5bb6b656fd30 (18 bytes)
1737036813.510732 sending message 112 to peer 0x5bb6b656fd30 (11 bytes)
1737036813.510735 sending message 112 to peer 0x5bb6b656fd30 (10 bytes)
1737036813.510739 sending message 112 to peer 0x5bb6b656fd30 (15 bytes)
1737036813.510742 sending message 112 to peer 0x5bb6b656fd30 (21 bytes)
1737036813.510745 sending message 112 to peer 0x5bb6b656fd30 (13 bytes)
1737036813.510749 sending message 112 to peer 0x5bb6b656fd30 (7 bytes)
1737036813.510752 sending message 112 to peer 0x5bb6b656fd30 (13 bytes)
1737036813.510755 sending message 112 to peer 0x5bb6b656fd30 (7 bytes)
1737036813.510759 sending message 112 to peer 0x5bb6b656fd30 (13 bytes)
1737036813.510762 sending message 112 to peer 0x5bb6b656fd30 (9 bytes)
1737036813.510766 sending message 112 to peer 0x5bb6b656fd30 (21 bytes)
1737036813.510769 sending message 112 to peer 0x5bb6b656fd30 (13 bytes)
1737036813.510772 sending message 112 to peer 0x5bb6b656fd30 (8 bytes)
1737036813.510776 sending message 112 to peer 0x5bb6b656fd30 (12 bytes)
1737036813.510779 sending message 112 to peer 0x5bb6b656fd30 (13 bytes)
1737036813.510782 sending message 112 to peer 0x5bb6b656fd30 (9 bytes)
1737036813.510786 sending message 112 to peer 0x5bb6b656fd30 (9 bytes)
1737036813.510789 sending message 112 to peer 0x5bb6b656fd30 (12 bytes)
1737036813.510793 sending message 112 to peer 0x5bb6b656fd30 (8 bytes)
1737036813.510796 sending message 112 to peer 0x5bb6b656fd30 (8 bytes)
1737036813.510799 sending message 112 to peer 0x5bb6b656fd30 (7 bytes)
1737036813.510803 sending message 112 to peer 0x5bb6b656fd30 (7 bytes)
1737036813.510806 sending message 112 to peer 0x5bb6b656fd30 (9 bytes)
1737036813.510810 sending message 112 to peer 0x5bb6b656fd30 (13 bytes)
1737036813.510813 sending message 112 to peer 0x5bb6b656fd30 (6 bytes)
1737036813.510816 sending message 112 to peer 0x5bb6b656fd30 (9 bytes)
1737036813.510820 sending message 112 to peer 0x5bb6b656fd30 (15 bytes)
1737036813.510823 sending message 112 to peer 0x5bb6b656fd30 (13 bytes)
1737036813.510826 sending message 112 to peer 0x5bb6b656fd30 (12 bytes)
1737036813.510837 sending message 112 to peer 0x5bb6b656fd30 (8 bytes)
1737036813.510840 sending message 112 to peer 0x5bb6b656fd30 (14 bytes)
1737036813.510843 sending message 112 to peer 0x5bb6b656fd30 (11 bytes)
1737036813.510847 sending message 112 to peer 0x5bb6b656fd30 (9 bytes)
1737036813.510850 sending message 112 to peer 0x5bb6b656fd30 (10 bytes)
1737036813.510854 sending message 112 to peer 0x5bb6b656fd30 (10 bytes)
1737036813.510884 sending message 112 to peer 0x5bb6b656fd30 (10 bytes)
1737036813.510888 sending message 112 to peer 0x5bb6b656fd30 (10 bytes)
1737036813.510891 sending message 112 to peer 0x5bb6b656fd30 (11 bytes)
1737036813.510895 sending message 112 to peer 0x5bb6b656fd30 (12 bytes)
1737036813.510899 sending message 112 to peer 0x5bb6b656fd30 (12 bytes)
1737036813.510902 sending message 112 to peer 0x5bb6b656fd30 (12 bytes)
1737036813.510906 sending message 112 to peer 0x5bb6b656fd30 (12 bytes)
1737036813.510909 sending message 112 to peer 0x5bb6b656fd30 (12 bytes)
1737036813.510913 sending message 112 to peer 0x5bb6b656fd30 (11 bytes)
1737036813.510916 sending message 112 to peer 0x5bb6b656fd30 (11 bytes)
1737036813.510919 sending message 112 to peer 0x5bb6b656fd30 (12 bytes)
1737036813.510923 sending message 112 to peer 0x5bb6b656fd30 (12 bytes)
1737036813.510926 sending message 112 to peer 0x5bb6b656fd30 (12 bytes)
1737036813.510929 sending message 112 to peer 0x5bb6b656fd30 (12 bytes)
1737036813.510933 sending message 112 to peer 0x5bb6b656fd30 (12 bytes)
1737036813.510936 sending message 112 to peer 0x5bb6b656fd30 (10 bytes)
1737036813.510939 sending message 112 to peer 0x5bb6b656fd30 (12 bytes)
1737036813.510943 sending message 112 to peer 0x5bb6b656fd30 (13 bytes)
1737036813.510946 sending message 112 to peer 0x5bb6b656fd30 (13 bytes)
1737036813.510949 sending message 112 to peer 0x5bb6b656fd30 (13 bytes)
1737036813.510953 sending message 112 to peer 0x5bb6b656fd30 (13 bytes)
1737036813.510956 sending message 112 to peer 0x5bb6b656fd30 (13 bytes)
1737036813.510959 sending message 112 to peer 0x5bb6b656fd30 (8 bytes)
1737036813.510963 sending message 112 to peer 0x5bb6b656fd30 (11 bytes)
1737036813.510966 sending message 112 to peer 0x5bb6b656fd30 (11 bytes)
1737036813.510970 sending message 112 to peer 0x5bb6b656fd30 (11 bytes)
1737036813.510973 sending message 112 to peer 0x5bb6b656fd30 (12 bytes)
1737036813.510977 sending message 112 to peer 0x5bb6b656fd30 (12 bytes)
1737036813.510980 sending message 112 to peer 0x5bb6b656fd30 (12 bytes)
1737036813.510986 sending message 112 to peer 0x5bb6b656fd30 (12 bytes)
1737036813.510989 sending message 112 to peer 0x5bb6b656fd30 (13 bytes)
1737036813.510993 sending message 112 to peer 0x5bb6b656fd30 (13 bytes)
1737036813.510996 sending message 112 to peer 0x5bb6b656fd30 (13 bytes)
1737036813.510999 sending message 112 to peer 0x5bb6b656fd30 (8 bytes)
1737036813.511003 sending message 112 to peer 0x5bb6b656fd30 (13 bytes)
1737036813.511006 sending message 112 to peer 0x5bb6b656fd30 (13 bytes)
1737036813.511009 sending message 112 to peer 0x5bb6b656fd30 (13 bytes)
1737036813.511013 sending message 112 to peer 0x5bb6b656fd30 (13 bytes)
1737036813.511016 sending message 112 to peer 0x5bb6b656fd30 (13 bytes)
1737036813.511019 sending message 112 to peer 0x5bb6b656fd30 (12 bytes)
1737036813.511023 sending message 112 to peer 0x5bb6b656fd30 (12 bytes)
1737036813.511026 sending message 112 to peer 0x5bb6b656fd30 (12 bytes)
1737036813.511030 sending message 112 to peer 0x5bb6b656fd30 (12 bytes)
1737036813.511033 sending message 112 to peer 0x5bb6b656fd30 (13 bytes)
1737036813.511037 sending message 112 to peer 0x5bb6b656fd30 (8 bytes)
1737036813.511040 sending message 112 to peer 0x5bb6b656fd30 (13 bytes)
1737036813.511043 sending message 112 to peer 0x5bb6b656fd30 (13 bytes)
1737036813.511047 sending message 112 to peer 0x5bb6b656fd30 (13 bytes)
1737036813.511050 sending message 112 to peer 0x5bb6b656fd30 (13 bytes)
1737036813.511053 sending message 112 to peer 0x5bb6b656fd30 (13 bytes)
1737036813.511056 sending message 112 to peer 0x5bb6b656fd30 (13 bytes)
1737036813.511060 sending message 112 to peer 0x5bb6b656fd30 (13 bytes)
1737036813.511063 sending message 112 to peer 0x5bb6b656fd30 (12 bytes)
1737036813.511066 sending message 112 to peer 0x5bb6b656fd30 (12 bytes)
1737036813.511070 sending message 112 to peer 0x5bb6b656fd30 (12 bytes)
1737036813.511073 sending message 112 to peer 0x5bb6b656fd30 (8 bytes)
1737036813.511076 sending message 112 to peer 0x5bb6b656fd30 (12 bytes)
1737036813.511083 sending message 112 to peer 0x5bb6b656fd30 (13 bytes)
1737036813.511087 sending message 112 to peer 0x5bb6b656fd30 (13 bytes)
1737036813.511090 sending message 112 to peer 0x5bb6b656fd30 (13 bytes)
1737036813.511094 sending message 112 to peer 0x5bb6b656fd30 (13 bytes)
1737036813.511097 sending message 112 to peer 0x5bb6b656fd30 (13 bytes)
1737036813.511101 sending message 112 to peer 0x5bb6b656fd30 (13 bytes)
1737036813.511104 sending message 112 to peer 0x5bb6b656fd30 (13 bytes)
1737036813.511107 sending message 112 to peer 0x5bb6b656fd30 (13 bytes)
1737036813.511110 sending message 112 to peer 0x5bb6b656fd30 (12 bytes)
1737036813.511114 sending message 112 to peer 0x5bb6b656fd30 (10 bytes)
1737036813.511117 sending message 112 to peer 0x5bb6b656fd30 (12 bytes)
1737036813.511120 sending message 112 to peer 0x5bb6b656fd30 (12 bytes)
1737036813.511124 sending message 112 to peer 0x5bb6b656fd30 (12 bytes)
1737036813.511127 sending message 112 to peer 0x5bb6b656fd30 (13 bytes)
1737036813.511130 sending message 112 to peer 0x5bb6b656fd30 (13 bytes)
1737036813.511133 sending message 112 to peer 0x5bb6b656fd30 (13 bytes)
1737036813.511137 sending message 112 to peer 0x5bb6b656fd30 (13 bytes)
1737036813.511140 sending message 112 to peer 0x5bb6b656fd30 (13 bytes)
1737036813.511143 sending message 112 to peer 0x5bb6b656fd30 (13 bytes)
1737036813.511147 sending message 112 to peer 0x5bb6b656fd30 (13 bytes)
1737036813.511150 sending message 112 to peer 0x5bb6b656fd30 (10 bytes)
1737036813.511153 sending message 112 to peer 0x5bb6b656fd30 (13 bytes)
1737036813.511157 sending message 112 to peer 0x5bb6b656fd30 (12 bytes)
1737036813.511160 sending message 112 to peer 0x5bb6b656fd30 (12 bytes)
1737036813.511163 sending message 112 to peer 0x5bb6b656fd30 (12 bytes)
1737036813.511167 sending message 112 to peer 0x5bb6b656fd30 (10 bytes)
1737036813.511170 sending message 112 to peer 0x5bb6b656fd30 (10 bytes)
1737036813.511173 sending message 112 to peer 0x5bb6b656fd30 (10 bytes)
1737036813.511176 sending message 112 to peer 0x5bb6b656fd30 (12 bytes)
1737036813.511180 sending message 112 to peer 0x5bb6b656fd30 (13 bytes)
1737036813.511183 sending message 112 to peer 0x5bb6b656fd30 (13 bytes)
1737036813.511186 sending message 112 to peer 0x5bb6b656fd30 (13 bytes)
1737036813.511190 sending message 112 to peer 0x5bb6b656fd30 (13 bytes)
1737036813.511193 sending message 112 to peer 0x5bb6b656fd30 (13 bytes)
1737036813.511196 sending message 112 to peer 0x5bb6b656fd30 (11 bytes)
1737036813.511200 sending message 112 to peer 0x5bb6b656fd30 (11 bytes)
1737036813.511203 sending message 112 to peer 0x5bb6b656fd30 (12 bytes)
1737036813.511206 sending message 112 to peer 0x5bb6b656fd30 (12 bytes)
1737036813.511210 sending message 112 to peer 0x5bb6b656fd30 (12 bytes)
1737036813.511213 sending message 112 to peer 0x5bb6b656fd30 (12 bytes)
1737036813.511216 sending message 112 to peer 0x5bb6b656fd30 (12 bytes)
1737036813.511220 sending message 112 to peer 0x5bb6b656fd30 (11 bytes)
1737036813.511223 sending message 112 to peer 0x5bb6b656fd30 (12 bytes)
1737036813.511226 sending message 112 to peer 0x5bb6b656fd30 (12 bytes)
1737036813.511230 sending message 112 to peer 0x5bb6b656fd30 (13 bytes)
1737036813.511233 sending message 112 to peer 0x5bb6b656fd30 (13 bytes)
1737036813.511236 sending message 112 to peer 0x5bb6b656fd30 (13 bytes)
1737036813.511240 sending message 112 to peer 0x5bb6b656fd30 (13 bytes)
1737036813.511243 sending message 112 to peer 0x5bb6b656fd30 (13 bytes)
1737036813.511246 sending message 112 to peer 0x5bb6b656fd30 (10 bytes)
1737036813.511250 sending message 112 to peer 0x5bb6b656fd30 (9 bytes)
1737036813.511253 sending message 112 to peer 0x5bb6b656fd30 (12 bytes)
1737036813.511256 sending message 112 to peer 0x5bb6b656fd30 (13 bytes)
1737036813.511259 sending message 112 to peer 0x5bb6b656fd30 (13 bytes)
1737036813.511263 sending message 112 to peer 0x5bb6b656fd30 (13 bytes)
1737036813.511266 sending message 112 to peer 0x5bb6b656fd30 (13 bytes)
1737036813.511269 sending message 112 to peer 0x5bb6b656fd30 (13 bytes)
1737036813.511276 sending message 112 to peer 0x5bb6b656fd30 (9 bytes)
1737036813.511280 sending message 112 to peer 0x5bb6b656fd30 (12 bytes)
1737036813.511283 sending message 112 to peer 0x5bb6b656fd30 (13 bytes)
1737036813.511286 sending message 112 to peer 0x5bb6b656fd30 (13 bytes)
1737036813.511290 sending message 112 to peer 0x5bb6b656fd30 (13 bytes)
1737036813.511293 sending message 112 to peer 0x5bb6b656fd30 (13 bytes)
1737036813.511296 sending message 112 to peer 0x5bb6b656fd30 (13 bytes)
1737036813.511300 sending message 112 to peer 0x5bb6b656fd30 (11 bytes)
1737036813.511303 sending message 112 to peer 0x5bb6b656fd30 (12 bytes)
1737036813.511306 sending message 112 to peer 0x5bb6b656fd30 (13 bytes)
1737036813.511310 sending message 112 to peer 0x5bb6b656fd30 (13 bytes)
1737036813.511313 sending message 112 to peer 0x5bb6b656fd30 (13 bytes)
1737036813.511316 sending message 112 to peer 0x5bb6b656fd30 (13 bytes)
1737036813.511320 sending message 112 to peer 0x5bb6b656fd30 (13 bytes)
1737036813.511323 sending message 112 to peer 0x5bb6b656fd30 (11 bytes)
1737036813.511327 sending message 112 to peer 0x5bb6b656fd30 (12 bytes)
1737036813.511330 sending message 112 to peer 0x5bb6b656fd30 (12 bytes)
1737036813.511334 sending message 112 to peer 0x5bb6b656fd30 (12 bytes)
1737036813.511338 sending message 112 to peer 0x5bb6b656fd30 (12 bytes)
1737036813.511341 sending message 112 to peer 0x5bb6b656fd30 (12 bytes)
1737036813.511344 sending message 112 to peer 0x5bb6b656fd30 (21 bytes)
1737036813.511348 sending message 112 to peer 0x5bb6b656fd30 (12 bytes)
1737036813.511351 sending message 112 to peer 0x5bb6b656fd30 (9 bytes)
1737036813.511355 sending message 112 to peer 0x5bb6b656fd30 (6 bytes)
1737036813.511359 sending message 112 to peer 0x5bb6b656fd30 (13 bytes)
1737036813.511363 sending message 112 to peer 0x5bb6b656fd30 (8 bytes)
1737036813.511367 sending message 112 to peer 0x5bb6b656fd30 (15 bytes)
1737036813.511370 sending message 112 to peer 0x5bb6b656fd30 (13 bytes)
1737036813.511374 sending message 112 to peer 0x5bb6b656fd30 (9 bytes)
1737036813.511378 sending message 112 to peer 0x5bb6b656fd30 (70 bytes)
1737036813.511382 sending message 112 to peer 0x5bb6b656fd30 (69 bytes)
1737036813.511385 sending message 112 to peer 0x5bb6b656fd30 (10 bytes)
1737036813.511389 sending message 112 to peer 0x5bb6b656fd30 (10 bytes)
1737036813.511393 sending message 112 to peer 0x5bb6b656fd30 (8 bytes)
1737036813.511396 sending message 112 to peer 0x5bb6b656fd30 (15 bytes)
1737036813.511400 sending message 112 to peer 0x5bb6b656fd30 (13 bytes)
1737036813.511404 sending message 112 to peer 0x5bb6b656fd30 (10 bytes)
1737036813.511407 sending message 112 to peer 0x5bb6b656fd30 (10 bytes)
1737036813.511410 sending message 112 to peer 0x5bb6b656fd30 (17 bytes)
1737036813.511414 sending message 112 to peer 0x5bb6b656fd30 (10 bytes)
1737036813.511417 sending message 112 to peer 0x5bb6b656fd30 (13 bytes)
1737036813.511420 sending message 112 to peer 0x5bb6b656fd30 (9 bytes)
1737036813.511425 sending message 112 to peer 0x5bb6b656fd30 (5 bytes)
1737036813.511429 sending message 112 to peer 0x5bb6b656fd30 (15 bytes)
1737036813.511435 sending message 104 to peer 0x5bb6b656fd30 (0 bytes)
1737036813.511440 sending message 110 to peer 0x5bb6b656fd30 (0 bytes)
1737036813.511446 sending message 107 to peer 0x5bb6b656fd30 (4 bytes)
1737036813.511450 sending message 105 to peer 0x5bb6b656fd30 (20 bytes)
1737036813.511453 sending message 105 to peer 0x5bb6b656fd30 (28 bytes)
1737036813.511457 sending message 105 to peer 0x5bb6b656fd30 (54 bytes)
1737036813.511461 sending message 105 to peer 0x5bb6b656fd30 (50 bytes)
1737036813.511465 sending message 105 to peer 0x5bb6b656fd30 (11 bytes)
1737036813.511469 sending message 105 to peer 0x5bb6b656fd30 (25 bytes)
1737036813.511472 sending message 105 to peer 0x5bb6b656fd30 (41 bytes)
1737036813.511476 sending message 105 to peer 0x5bb6b656fd30 (38 bytes)
1737036813.511480 sending message 105 to peer 0x5bb6b656fd30 (36 bytes)
1737036813.511483 sending message 105 to peer 0x5bb6b656fd30 (64 bytes)
1737036813.511490 sending message 105 to peer 0x5bb6b656fd30 (18 bytes)
1737036813.511494 sending message 105 to peer 0x5bb6b656fd30 (22 bytes)
1737036813.511498 sending message 105 to peer 0x5bb6b656fd30 (90 bytes)
1737036813.511504 sending message 105 to peer 0x5bb6b656fd30 (47 bytes)
1737036813.511508 sending message 105 to peer 0x5bb6b656fd30 (31 bytes)
1737036813.511513 sending message 105 to peer 0x5bb6b656fd30 (17 bytes)
1737036813.511517 sending message 105 to peer 0x5bb6b656fd30 (15 bytes)
1737036813.511521 sending message 105 to peer 0x5bb6b656fd30 (28 bytes)
1737036813.511524 sending message 105 to peer 0x5bb6b656fd30 (77 bytes)
1737036813.511528 sending message 105 to peer 0x5bb6b656fd30 (51 bytes)
1737036813.511532 sending message 105 to peer 0x5bb6b656fd30 (15 bytes)
1737036813.511536 sending message 105 to peer 0x5bb6b656fd30 (21 bytes)
1737036813.511539 sending message 105 to peer 0x5bb6b656fd30 (20 bytes)
1737036813.511543 sending message 105 to peer 0x5bb6b656fd30 (17 bytes)
1737036813.511547 sending message 105 to peer 0x5bb6b656fd30 (374 bytes)
1737036813.511552 sending message 105 to peer 0x5bb6b656fd30 (16 bytes)
1737036813.511556 sending message 105 to peer 0x5bb6b656fd30 (53 bytes)
1737036813.511560 sending message 105 to peer 0x5bb6b656fd30 (15 bytes)
1737036813.511563 sending message 105 to peer 0x5bb6b656fd30 (23 bytes)
1737036813.511567 sending message 105 to peer 0x5bb6b656fd30 (53 bytes)
1737036813.511570 sending message 105 to peer 0x5bb6b656fd30 (29 bytes)
1737036813.511574 sending message 105 to peer 0x5bb6b656fd30 (30 bytes)
1737036813.511577 sending message 105 to peer 0x5bb6b656fd30 (30 bytes)
1737036813.511580 sending message 105 to peer 0x5bb6b656fd30 (28 bytes)
1737036813.511584 sending message 105 to peer 0x5bb6b656fd30 (27 bytes)
1737036813.511587 sending message 105 to peer 0x5bb6b656fd30 (38 bytes)
1737036813.511591 sending message 105 to peer 0x5bb6b656fd30 (16 bytes)
1737036813.511594 sending message 105 to peer 0x5bb6b656fd30 (8 bytes)
1737036813.511598 sending message 105 to peer 0x5bb6b656fd30 (21 bytes)
1737036813.511601 sending message 105 to peer 0x5bb6b656fd30 (19 bytes)
1737036813.511605 sending message 105 to peer 0x5bb6b656fd30 (29 bytes)
1737036813.511608 sending message 105 to peer 0x5bb6b656fd30 (18 bytes)
1737036813.511612 sending message 105 to peer 0x5bb6b656fd30 (26 bytes)
1737036813.511616 sending message 105 to peer 0x5bb6b656fd30 (36 bytes)
1737036813.511619 sending message 105 to peer 0x5bb6b656fd30 (13 bytes)
1737036813.511623 sending message 105 to peer 0x5bb6b656fd30 (60 bytes)
1737036813.511627 sending message 105 to peer 0x5bb6b656fd30 (12 bytes)
1737036813.511631 sending message 105 to peer 0x5bb6b656fd30 (26 bytes)
1737036813.511634 sending message 105 to peer 0x5bb6b656fd30 (16 bytes)
1737036813.511638 sending message 105 to peer 0x5bb6b656fd30 (20 bytes)
1737036813.511641 sending message 105 to peer 0x5bb6b656fd30 (29 bytes)
1737036813.511645 sending message 105 to peer 0x5bb6b656fd30 (31 bytes)
1737036813.511648 sending message 105 to peer 0x5bb6b656fd30 (15 bytes)
1737036813.511651 sending message 105 to peer 0x5bb6b656fd30 (23 bytes)
1737036813.511655 sending message 105 to peer 0x5bb6b656fd30 (29 bytes)
1737036813.511658 sending message 105 to peer 0x5bb6b656fd30 (17 bytes)
1737036813.511662 sending message 105 to peer 0x5bb6b656fd30 (25 bytes)
1737036813.511665 sending message 105 to peer 0x5bb6b656fd30 (11 bytes)
1737036813.511669 sending message 105 to peer 0x5bb6b656fd30 (21 bytes)
1737036813.511672 sending message 105 to peer 0x5bb6b656fd30 (45 bytes)
1737036813.511675 sending message 105 to peer 0x5bb6b656fd30 (40 bytes)
1737036813.511679 sending message 105 to peer 0x5bb6b656fd30 (16 bytes)
1737036813.511682 sending message 105 to peer 0x5bb6b656fd30 (30 bytes)
1737036813.511686 sending message 106 to peer 0x5bb6b656fd30 (0 bytes)
1737036813.511782 sending message 200 to peer 0x5bb6b656fd30 (4 bytes)
1737036813.511787 client loop enter
1737036813.517804 peer 0x5bb6b656fd30 message 303
1737036813.517849 open write file 2 -
1737036813.517900 sending message 305 to peer 0x5bb6b656fd30 (8 bytes)
1737036813.517932 write check file 2
1737036813.518396 peer 0x5bb6b656fd30 message 304
1737036813.518412 write 58 to file 2
1737036813.518423 peer 0x5bb6b656fd30 message 203
1737036813.518431 file 2 58 bytes left
1737036813.518473 write check file 2
1737036813.518480 client loop exit
